c:\users\oskar\onedrive\skrivbord\oskar's project\project1\debug\vc142.pdb
c:\users\oskar\onedrive\skrivbord\oskar's project\project1\debug\vc142.idb
c:\users\oskar\onedrive\skrivbord\oskar's project\project1\debug\main.nativecodeanalysis.sarif
c:\users\oskar\onedrive\skrivbord\oskar's project\project1\debug\main.nativecodeanalysis.xml
c:\users\oskar\onedrive\skrivbord\oskar's project\project1\debug\list.nativecodeanalysis.sarif
c:\users\oskar\onedrive\skrivbord\oskar's project\project1\debug\list.nativecodeanalysis.xml
c:\users\oskar\onedrive\skrivbord\oskar's project\project1\debug\list.obj
c:\users\oskar\onedrive\skrivbord\oskar's project\project1\debug\main.obj
c:\users\oskar\onedrive\skrivbord\oskar's project\debug\some doubly linked list.ilk
c:\users\oskar\onedrive\skrivbord\oskar's project\debug\some doubly linked list.exe
c:\users\oskar\onedrive\skrivbord\oskar's project\debug\some doubly linked list.pdb
c:\users\oskar\onedrive\skrivbord\oskar's project\project1\debug\nativecodeanalysis.read.1.tlog
c:\users\oskar\onedrive\skrivbord\oskar's project\project1\debug\vc.nativecodeanalysis.all.xml
c:\users\oskar\onedrive\skrivbord\oskar's project\debug\some doubly linked list.exe.lastcodeanalysissucceeded
c:\users\oskar\onedrive\skrivbord\oskar's project\project1\debug\some dou.d0d615d3.tlog\cl.command.1.tlog
c:\users\oskar\onedrive\skrivbord\oskar's project\project1\debug\some dou.d0d615d3.tlog\cl.read.1.tlog
c:\users\oskar\onedrive\skrivbord\oskar's project\project1\debug\some dou.d0d615d3.tlog\cl.write.1.tlog
c:\users\oskar\onedrive\skrivbord\oskar's project\project1\debug\some dou.d0d615d3.tlog\link.command.1.tlog
c:\users\oskar\onedrive\skrivbord\oskar's project\project1\debug\some dou.d0d615d3.tlog\link.read.1.tlog
c:\users\oskar\onedrive\skrivbord\oskar's project\project1\debug\some dou.d0d615d3.tlog\link.write.1.tlog
